Detecting IPv4 and IPv6 via CloudFlare
Something went wrong, please check your settings Mon Nov  3 18:38:10 -03 2025
The response returned was:


Detecting IPv4 and IPv6 via CloudFlare
Something went wrong, please check your settings Mon Nov  3 18:42:26 -03 2025
The response returned was:


Detecting IPv4 and IPv6 via CloudFlare
Something went wrong, please check your settings Mon Nov  3 18:49:17 -03 2025
The response returned was:


Detecting IPv4 via DuckDNS
Something went wrong, please check your settings Mon Nov  3 18:55:57 -03 2025
The response returned was:


Detecting IPv4 via DuckDNS
Something went wrong, please check your settings Mon Nov  3 19:03:50 -03 2025
The response returned was:


Detecting IPv4 via DuckDNS
Something went wrong, please check your settings Mon Nov  3 19:09:49 -03 2025
The response returned was:


Detecting IPv4 via DuckDNS
Your IP was updated at Mon Nov  3 19:12:15 -03 2025 to IPv4: 190.162.63.144
